Using pre-set license
Built from '2021.3/staging' branch; Version is '2021.3.32f1 (3b9dae9532f5) revision 3906990'; Using compiler version '192829333'; Build Type 'Release'
OS: 'Windows 10  (10.0.19045) 64bit CoreSingleLanguage' Language: 'es' Physical Memory: 8023 MB
BatchMode: 1, IsHumanControllingUs: 0, StartBugReporterOnCrash: 0, Is64bit: 1, IsPro: 1

COMMAND LINE ARGUMENTS:
C:\Program Files\Unity\Hub\Editor\2021.3.32f1\Editor\Unity.exe
-adb2
-batchMode
-noUpm
-name
AssetImportWorker0
-projectPath
C:/Users/kj/Desktop/Videojuego_Ch_2_Reto_2/Reto_2_Ch_2
-logFile
Logs/AssetImportWorker0.log
-srvPort
51710
Successfully changed project path to: C:/Users/kj/Desktop/Videojuego_Ch_2_Reto_2/Reto_2_Ch_2
C:/Users/kj/Desktop/Videojuego_Ch_2_Reto_2/Reto_2_Ch_2
[UnityMemory] Configuration Parameters - Can be set up in boot.config
    "memorysetup-bucket-allocator-granularity=16"
    "memorysetup-bucket-allocator-bucket-count=8"
    "memorysetup-bucket-allocator-block-size=33554432"
    "memorysetup-bucket-allocator-block-count=8"
    "memorysetup-main-allocator-block-size=16777216"
    "memorysetup-thread-allocator-block-size=16777216"
    "memorysetup-gfx-main-allocator-block-size=16777216"
    "memorysetup-gfx-thread-allocator-block-size=16777216"
    "memorysetup-cache-allocator-block-size=4194304"
    "memorysetup-typetree-allocator-block-size=2097152"
    "memorysetup-profiler-bucket-allocator-granularity=16"
    "memorysetup-profiler-bucket-allocator-bucket-count=8"
    "memorysetup-profiler-bucket-allocator-block-size=33554432"
    "memorysetup-profiler-bucket-allocator-block-count=8"
    "memorysetup-profiler-allocator-block-size=16777216"
    "memorysetup-profiler-editor-allocator-block-size=1048576"
    "memorysetup-temp-allocator-size-main=16777216"
    "memorysetup-job-temp-allocator-block-size=2097152"
    "memorysetup-job-temp-allocator-block-size-background=1048576"
    "memorysetup-job-temp-allocator-reduction-small-platforms=262144"
    "memorysetup-temp-allocator-size-background-worker=32768"
    "memorysetup-temp-allocator-size-job-worker=262144"
    "memorysetup-temp-allocator-size-preload-manager=33554432"
    "memorysetup-temp-allocator-size-nav-mesh-worker=65536"
    "memorysetup-temp-allocator-size-audio-worker=65536"
    "memorysetup-temp-allocator-size-cloud-worker=32768"
    "memorysetup-temp-allocator-size-gi-baking-worker=262144"
    "memorysetup-temp-allocator-size-gfx=262144"
Player connection [16628] Host "[IP] 192.168.80.14 [Port] 0 [Flags] 2 [Guid] 345211242 [EditorId] 345211242 [Version] 1048832 [Id] WindowsEditor(7,DESKTOP-4065KF6) [Debug] 1 [PackageName] WindowsEditor [ProjectName] Editor" joined multi-casting on [225.0.0.222:54997]...

Player connection [16628] Host "[IP] 192.168.80.14 [Port] 0 [Flags] 2 [Guid] 345211242 [EditorId] 345211242 [Version] 1048832 [Id] WindowsEditor(7,DESKTOP-4065KF6) [Debug] 1 [PackageName] WindowsEditor [ProjectName] Editor" joined alternative multi-casting on [225.0.0.222:34997]...

[Physics::Module] Initialized MultithreadedJobDispatcher with {0} workers.
Refreshing native plugins compatible for Editor in 88.10 ms, found 3 plugins.
Preloading 0 native plugins for Editor in 0.00 ms.
Initialize engine version: 2021.3.32f1 (3b9dae9532f5)
[Subsystems] Discovering subsystems at path C:/Program Files/Unity/Hub/Editor/2021.3.32f1/Editor/Data/Resources/UnitySubsystems
[Subsystems] Discovering subsystems at path C:/Users/kj/Desktop/Videojuego_Ch_2_Reto_2/Reto_2_Ch_2/Assets
GfxDevice: creating device client; threaded=0; jobified=0
Direct3D:
    Version:  Direct3D 11.0 [level 11.1]
    Renderer: NVIDIA GeForce GTX 1650 (ID=0x1f99)
    Vendor:   NVIDIA
    VRAM:     3962 MB
    Driver:   27.21.14.5167
Initialize mono
Mono path[0] = 'C:/Program Files/Unity/Hub/Editor/2021.3.32f1/Editor/Data/Managed'
Mono path[1] = 'C:/Program Files/Unity/Hub/Editor/2021.3.32f1/Editor/Data/MonoBleedingEdge/lib/mono/unityjit-win32'
Mono config path = 'C:/Program Files/Unity/Hub/Editor/2021.3.32f1/Editor/Data/MonoBleedingEdge/etc'
Using monoOptions --debugger-agent=transport=dt_socket,embedding=1,server=y,suspend=n,address=127.0.0.1:56020
Begin MonoManager ReloadAssembly
Registering precompiled unity dll's ...
Register platform support module: C:/Program Files/Unity/Hub/Editor/2021.3.32f1/Editor/Data/PlaybackEngines/AndroidPlayer/UnityEditor.Android.Extensions.dll
Register platform support module: C:/Program Files/Unity/Hub/Editor/2021.3.32f1/Editor/Data/PlaybackEngines/WindowsStandaloneSupport/UnityEditor.WindowsStandalone.Extensions.dll
Registered in 0.010649 seconds.
Native extension for WindowsStandalone target not found
Native extension for Android target not found
Android Extension - Scanning For ADB Devices 326 ms
Refreshing native plugins compatible for Editor in 83.79 ms, found 3 plugins.
Preloading 0 native plugins for Editor in 0.00 ms.
Mono: successfully reloaded assembly
- Completed reload, in  1.277 seconds
Domain Reload Profiling:
	ReloadAssembly (1278ms)
		BeginReloadAssembly (163ms)
			ExecutionOrderSort (0ms)
			DisableScriptedObjects (0ms)
			BackupInstance (0ms)
			ReleaseScriptingObjects (0ms)
			CreateAndSetChildDomain (1ms)
		EndReloadAssembly (938ms)
			LoadAssemblies (160ms)
			RebuildTransferFunctionScriptingTraits (0ms)
			SetupTypeCache (158ms)
			ReleaseScriptCaches (0ms)
			RebuildScriptCaches (36ms)
			SetupLoadedEditorAssemblies (696ms)
				LogAssemblyErrors (0ms)
				InitializePlatformSupportModulesInManaged (450ms)
				SetLoadedEditorAssemblies (0ms)
				RefreshPlugins (84ms)
				BeforeProcessingInitializeOnLoad (1ms)
				ProcessInitializeOnLoadAttributes (103ms)
				ProcessInitializeOnLoadMethodAttributes (58ms)
				AfterProcessingInitializeOnLoad (0ms)
				EditorAssembliesLoaded (0ms)
			ExecutionOrderSort2 (0ms)
			AwakeInstancesAfterBackupRestoration (0ms)
Platform modules already initialized, skipping
Registering precompiled user dll's ...
Registered in 0.005990 seconds.
Begin MonoManager ReloadAssembly
Native extension for WindowsStandalone target not found
Native extension for Android target not found
Refreshing native plugins compatible for Editor in 1.63 ms, found 3 plugins.
Preloading 0 native plugins for Editor in 0.00 ms.
Package Manager log level set to [2]
[Package Manager] Server::EnsureServerProcessIsRunning -- launch failed, reason: Unity was launched with the -noUpm command-line argument
[Package Manager] Cannot connect to Unity Package Manager local server
Mono: successfully reloaded assembly
- Completed reload, in  1.641 seconds
Domain Reload Profiling:
	ReloadAssembly (1641ms)
		BeginReloadAssembly (168ms)
			ExecutionOrderSort (0ms)
			DisableScriptedObjects (7ms)
			BackupInstance (0ms)
			ReleaseScriptingObjects (0ms)
			CreateAndSetChildDomain (27ms)
		EndReloadAssembly (1348ms)
			LoadAssemblies (143ms)
			RebuildTransferFunctionScriptingTraits (0ms)
			SetupTypeCache (360ms)
			ReleaseScriptCaches (1ms)
			RebuildScriptCaches (82ms)
			SetupLoadedEditorAssemblies (756ms)
				LogAssemblyErrors (0ms)
				InitializePlatformSupportModulesInManaged (25ms)
				SetLoadedEditorAssemblies (1ms)
				RefreshPlugins (2ms)
				BeforeProcessingInitializeOnLoad (86ms)
				ProcessInitializeOnLoadAttributes (610ms)
				ProcessInitializeOnLoadMethodAttributes (25ms)
				AfterProcessingInitializeOnLoad (8ms)
				EditorAssembliesLoaded (0ms)
			ExecutionOrderSort2 (0ms)
			AwakeInstancesAfterBackupRestoration (5ms)
Platform modules already initialized, skipping
========================================================================
Worker process is ready to serve import requests
Launched and connected shader compiler UnityShaderCompiler.exe after 0.09 seconds
Refreshing native plugins compatible for Editor in 0.57 ms, found 3 plugins.
Preloading 0 native plugins for Editor in 0.00 ms.
Unloading 3248 Unused Serialized files (Serialized files now loaded: 0)
Unloading 36 unused Assets / (119.6 KB). Loaded Objects now: 3711.
Memory consumption went from 122.0 MB to 121.9 MB.
Total: 2.685100 ms (FindLiveObjects: 0.271200 ms CreateObjectMapping: 0.216100 ms MarkObjects: 2.111200 ms  DeleteObjects: 0.085400 ms)

AssetImportParameters requested are different than current active one (requested -> active):
  custom:video-decoder-ogg-theora: a1e56fd34408186e4bbccfd4996cb3dc -> 
  custom:container-muxer-webm: aa71ff27fc2769a1b78a27578f13a17b -> 
  custom:container-demuxer-webm: 4f35f7cbe854078d1ac9338744f61a02 -> 
  custom:video-encoder-webm-vp8: eb34c28f22e8b96e1ab97ce403110664 -> 
  custom:CustomObjectIndexerAttribute: bc11b3a6c3213fcdd17b65e7da85e133 -> 
  custom:audio-encoder-webm-vorbis: bf7c407c2cedff20999df2af8eb42d56 -> 
  custom:framework-win-MediaFoundation: 216162199b28c13a410421893ffa2e32 -> 
  custom:SearchIndexIgnoredProperties: e643bd26f0fe6173181afceb89e7c659 -> 
  custom:container-demuxer-ogg: 62fdf1f143b41e24485cea50d1cbac27 -> 
  custom:video-decoder-webm-vp8: 9c59270c3fd7afecdb556c50c9e8de78 -> 
  custom:audio-decoder-ogg-vorbis: bf7c407c2cedff20999df2af8eb42d56 -> 
========================================================================
Received Import Request.
  Time since last request: 119477.105637 seconds.
  path: Assets/Models/CarKit/wheelTractorBack.fbx
  artifactKey: Guid(deb1b80167bd9dc41aef6f44ec2fc92b) Importer(815301076,1909f56bfc062723c751e8b465ee728b)
Number of updated assets reloaded before import = 0
Start importing Assets/Models/CarKit/wheelTractorBack.fbx using Guid(deb1b80167bd9dc41aef6f44ec2fc92b) Importer(815301076,1909f56bfc062723c751e8b465ee728b)  -> (artifact id: '25cedbd0982a588a944a030f32d3dc97') in 0.623478 seconds 
Number of asset objects unloaded after import = 10
========================================================================
Received Import Request.
  Time since last request: 0.000028 seconds.
  path: Assets/Models/CarKit/suvLuxury.fbx
  artifactKey: Guid(7a5c23adc40eec2428fce800b5d57289) Importer(815301076,1909f56bfc062723c751e8b465ee728b)
Number of updated assets reloaded before import = 0
Start importing Assets/Models/CarKit/suvLuxury.fbx using Guid(7a5c23adc40eec2428fce800b5d57289) Importer(815301076,1909f56bfc062723c751e8b465ee728b)  -> (artifact id: '17dfeabe030e4f2eff63214ce48bfe00') in 0.115982 seconds 
Number of asset objects unloaded after import = 37
========================================================================
Received Import Request.
  Time since last request: 0.000048 seconds.
  path: Assets/Models/CarKit/wheelTruck.fbx
  artifactKey: Guid(cebf293a14b9d304d986a4fef094da09) Importer(815301076,1909f56bfc062723c751e8b465ee728b)
Number of updated assets reloaded before import = 0
Start importing Assets/Models/CarKit/wheelTruck.fbx using Guid(cebf293a14b9d304d986a4fef094da09) Importer(815301076,1909f56bfc062723c751e8b465ee728b)  -> (artifact id: 'a3403f08a0108f31a219f6df07f2bd7c') in 0.077151 seconds 
Number of asset objects unloaded after import = 10
========================================================================
Received Import Request.
  Time since last request: 0.000163 seconds.
  path: Assets/Models/CarKit/wheelDefault.fbx
  artifactKey: Guid(d5adcac63ea284e42bb7e910acd3e327) Importer(815301076,1909f56bfc062723c751e8b465ee728b)
Number of updated assets reloaded before import = 0
Start importing Assets/Models/CarKit/wheelDefault.fbx using Guid(d5adcac63ea284e42bb7e910acd3e327) Importer(815301076,1909f56bfc062723c751e8b465ee728b)  -> (artifact id: 'de84181bad094f579a720bc6b5609a00') in 0.062576 seconds 
Number of asset objects unloaded after import = 9
========================================================================
Received Import Request.
  Time since last request: 0.000029 seconds.
  path: Assets/Models/CarKit/wheelRacing.fbx
  artifactKey: Guid(3243a2f3d2fee754286310c6e477f0e8) Importer(815301076,1909f56bfc062723c751e8b465ee728b)
Number of updated assets reloaded before import = 0
Start importing Assets/Models/CarKit/wheelRacing.fbx using Guid(3243a2f3d2fee754286310c6e477f0e8) Importer(815301076,1909f56bfc062723c751e8b465ee728b)  -> (artifact id: '1cae5aec7497487f359b861c3d2ebc07') in 0.080125 seconds 
Number of asset objects unloaded after import = 10
========================================================================
Received Import Request.
  Time since last request: 0.000018 seconds.
  path: Assets/Models/CarKit/van.fbx
  artifactKey: Guid(c2c45ce085147464587e50c2f97ed0fa) Importer(815301076,1909f56bfc062723c751e8b465ee728b)
Number of updated assets reloaded before import = 0
Start importing Assets/Models/CarKit/van.fbx using Guid(c2c45ce085147464587e50c2f97ed0fa) Importer(815301076,1909f56bfc062723c751e8b465ee728b)  -> (artifact id: '0c8caf86adcf5495a53704cba94ef3c1') in 0.115852 seconds 
Number of asset objects unloaded after import = 37
========================================================================
Received Import Request.
  Time since last request: 0.000022 seconds.
  path: Assets/Models/CarKit/tractor.fbx
  artifactKey: Guid(d933d26d19055274bbbae9c0e1c7d431) Importer(815301076,1909f56bfc062723c751e8b465ee728b)
Number of updated assets reloaded before import = 0
Start importing Assets/Models/CarKit/tractor.fbx using Guid(d933d26d19055274bbbae9c0e1c7d431) Importer(815301076,1909f56bfc062723c751e8b465ee728b)  -> (artifact id: '606378b187327358602a51e432f482f1') in 0.132108 seconds 
Number of asset objects unloaded after import = 41
========================================================================
Received Import Request.
  Time since last request: 0.000027 seconds.
  path: Assets/Models/CarKit/truckFlat.fbx
  artifactKey: Guid(ec66a58866ee46341b47501a115e2f6f) Importer(815301076,1909f56bfc062723c751e8b465ee728b)
Number of updated assets reloaded before import = 0
Start importing Assets/Models/CarKit/truckFlat.fbx using Guid(ec66a58866ee46341b47501a115e2f6f) Importer(815301076,1909f56bfc062723c751e8b465ee728b)  -> (artifact id: 'c14254838d9276023e12ad81cb962ad2') in 0.107186 seconds 
Number of asset objects unloaded after import = 36
========================================================================
Received Import Request.
  Time since last request: 0.000018 seconds.
  path: Assets/Models/CarKit/race.fbx
  artifactKey: Guid(52cbe811d1c2c67429bd4591a8885a26) Importer(815301076,1909f56bfc062723c751e8b465ee728b)
Number of updated assets reloaded before import = 0
Start importing Assets/Models/CarKit/race.fbx using Guid(52cbe811d1c2c67429bd4591a8885a26) Importer(815301076,1909f56bfc062723c751e8b465ee728b)  -> (artifact id: 'd2d570edb5685f192525eae550d8bdcc') in 0.070774 seconds 
Number of asset objects unloaded after import = 35
========================================================================
Received Import Request.
  Time since last request: 0.000040 seconds.
  path: Assets/Models/CarKit/wheelDark.fbx
  artifactKey: Guid(037d453579c84ff40ab025966ec575e2) Importer(815301076,1909f56bfc062723c751e8b465ee728b)
Number of updated assets reloaded before import = 0
Start importing Assets/Models/CarKit/wheelDark.fbx using Guid(037d453579c84ff40ab025966ec575e2) Importer(815301076,1909f56bfc062723c751e8b465ee728b)  -> (artifact id: 'b520263901288b846dce803eade8d75f') in 0.059962 seconds 
Number of asset objects unloaded after import = 9
========================================================================
Received Import Request.
  Time since last request: 0.000014 seconds.
  path: Assets/Models/CarKit/sedan.fbx
  artifactKey: Guid(cdc7a37bc35329b42adabaf0bd6e1523) Importer(815301076,1909f56bfc062723c751e8b465ee728b)
Number of updated assets reloaded before import = 0
Start importing Assets/Models/CarKit/sedan.fbx using Guid(cdc7a37bc35329b42adabaf0bd6e1523) Importer(815301076,1909f56bfc062723c751e8b465ee728b)  -> (artifact id: 'c9795b2abc436e18c4b8c83ec3e96b18') in 0.187371 seconds 
Number of asset objects unloaded after import = 37
========================================================================
Received Import Request.
  Time since last request: 0.000019 seconds.
  path: Assets/Models/CarKit/suv.fbx
  artifactKey: Guid(39049917dc0d01a4d8fd13bcc01d9ee8) Importer(815301076,1909f56bfc062723c751e8b465ee728b)
Number of updated assets reloaded before import = 0
Start importing Assets/Models/CarKit/suv.fbx using Guid(39049917dc0d01a4d8fd13bcc01d9ee8) Importer(815301076,1909f56bfc062723c751e8b465ee728b)  -> (artifact id: '2c7a8796e72e3ef67e48f08e9a44e70b') in 0.791515 seconds 
Number of asset objects unloaded after import = 42
